Сборка начата 24.02.2023 15:56:15.
Уровень детализации журнала: Normal.     1>Проект "C:\Users\User\Desktop\lab3\ClientU\ClientU\ClientU.vcxproj" в узле 2 (целевые объекты Build).
     1>PrepareForBuild:
         Создание каталога "C:\Users\User\Desktop\lab3\ClientU\Debug\".
         Создание каталога "Debug\ClientU.tlog\".
       InitializeBuildStatus:
         Создание "Debug\ClientU.tlog\unsuccessfulbuild", так как было задано "AlwaysCreate".
       ClCompile:
         C:\Program Files\Microsoft Visual Studio\2022\Community\VC\Tools\MSVC\14.30.30705\bin\HostX86\x86\CL.exe /c /ZI /JMC /nologo /W3 /WX- /diagnostics:column /sdl /Od /Oy- /D WIN32 /D _DEBUG /D _CONSOLE /D _UNICODE /D UNICODE /Gm- /EHsc /RTC1 /MDd /GS /fp:precise /Zc:wchar_t /Zc:forScope /Zc:inline /permissive- /Fo"Debug\\" /Fd"Debug\vc143.pdb" /external:W3 /Gd /TP /analyze- /FC /errorReport:prompt ClientU.cpp
         ClientU.cpp
     1>C:\Users\User\Desktop\lab3\ClientU\ClientU\ClientU.cpp(28,10): warning C4101: serverSocket: неиспользованная локальная переменная
       Link:
         C:\Program Files\Microsoft Visual Studio\2022\Community\VC\Tools\MSVC\14.30.30705\bin\HostX86\x86\link.exe /ERRORREPORT:PROMPT /OUT:"C:\Users\User\Desktop\lab3\ClientU\Debug\ClientU.exe" /INCREMENTAL /ILK:"Debug\ClientU.ilk" /NOLOGO kernel32.lib user32.lib gdi32.lib winspool.lib comdlg32.lib advapi32.lib shell32.lib ole32.lib oleaut32.lib uuid.lib odbc32.lib odbccp32.lib /MANIFEST /MANIFESTUAC:"level='asInvoker' uiAccess='false'" /manifest:embed /DEBUG /PDB:"C:\Users\User\Desktop\lab3\ClientU\Debug\ClientU.pdb" /SUBSYSTEM:CONSOLE /TLBID:1 /DYNAMICBASE /NXCOMPAT /IMPLIB:"C:\Users\User\Desktop\lab3\ClientU\Debug\ClientU.lib" /MACHINE:X86 Debug\ClientU.obj
         ClientU.vcxproj -> C:\Users\User\Desktop\lab3\ClientU\Debug\ClientU.exe
       FinalizeBuildStatus:
         Файл "Debug\ClientU.tlog\unsuccessfulbuild" удаляется.
         Обращение к "Debug\ClientU.tlog\ClientU.lastbuildstate".
     1>Сборка проекта "C:\Users\User\Desktop\lab3\ClientU\ClientU\ClientU.vcxproj" завершена (целевые объекты Build).

Сборка успешно завершена.

       "C:\Users\User\Desktop\lab3\ClientU\ClientU\ClientU.vcxproj" (целевой объект Build ) (1) ->
       (Целевой объект ClCompile) -> 
         C:\Users\User\Desktop\lab3\ClientU\ClientU\ClientU.cpp(28,10): warning C4101: serverSocket: неиспользованная локальная переменная

    Предупреждений: 1
    Ошибок: 0

Прошло времени 00:00:01.90
