Сборка начата 10.03.2023 15:11:41.
Уровень детализации журнала: Normal.     1>Проект "C:\Users\User\Desktop\ПСП\Lab_6\ServerNP\ServerNP\ServerNP.vcxproj" в узле 2 (целевые объекты Build).
     1>PrepareForBuild:
         Создание каталога "C:\Users\User\Desktop\ПСП\Lab_6\ServerNP\Debug\".
         Создание каталога "Debug\ServerNP.tlog\".
       InitializeBuildStatus:
         Создание "Debug\ServerNP.tlog\unsuccessfulbuild", так как было задано "AlwaysCreate".
       ClCompile:
         C:\Program Files\Microsoft Visual Studio\2022\Community\VC\Tools\MSVC\14.30.30705\bin\HostX86\x86\CL.exe /c /ZI /JMC /nologo /W3 /WX- /diagnostics:column /sdl /Od /Oy- /D WIN32 /D _DEBUG /D _CONSOLE /D _UNICODE /D UNICODE /Gm- /EHsc /RTC1 /MDd /GS /fp:precise /Zc:wchar_t /Zc:forScope /Zc:inline /permissive- /Fo"Debug\\" /Fd"Debug\vc143.pdb" /external:W3 /Gd /TP /analyze- /FC /errorReport:prompt ServerNP.cpp
         ServerNP.cpp
       Link:
         C:\Program Files\Microsoft Visual Studio\2022\Community\VC\Tools\MSVC\14.30.30705\bin\HostX86\x86\link.exe /ERRORREPORT:PROMPT /OUT:"C:\Users\User\Desktop\ПСП\Lab_6\ServerNP\Debug\ServerNP.exe" /INCREMENTAL /ILK:"Debug\ServerNP.ilk" /NOLOGO kernel32.lib user32.lib gdi32.lib winspool.lib comdlg32.lib advapi32.lib shell32.lib ole32.lib oleaut32.lib uuid.lib odbc32.lib odbccp32.lib /MANIFEST /MANIFESTUAC:"level='asInvoker' uiAccess='false'" /manifest:embed /DEBUG /PDB:"C:\Users\User\Desktop\ПСП\Lab_6\ServerNP\Debug\ServerNP.pdb" /SUBSYSTEM:CONSOLE /TLBID:1 /DYNAMICBASE /NXCOMPAT /IMPLIB:"C:\Users\User\Desktop\ПСП\Lab_6\ServerNP\Debug\ServerNP.lib" /MACHINE:X86 Debug\ServerNP.obj
         ServerNP.vcxproj -> C:\Users\User\Desktop\ПСП\Lab_6\ServerNP\Debug\ServerNP.exe
       FinalizeBuildStatus:
         Файл "Debug\ServerNP.tlog\unsuccessfulbuild" удаляется.
         Обращение к "Debug\ServerNP.tlog\ServerNP.lastbuildstate".
     1>Сборка проекта "C:\Users\User\Desktop\ПСП\Lab_6\ServerNP\ServerNP\ServerNP.vcxproj" завершена (целевые объекты Build).

Сборка успешно завершена.
    Предупреждений: 0
    Ошибок: 0

Прошло времени 00:00:01.90
