Сборка начата 24.02.2023 16:26:07.
Уровень детализации журнала: Normal.     1>Проект "C:\Users\User\Desktop\lab2\Lab_2MS\Server\Server\Server.vcxproj" в узле 2 (целевые объекты Build).
     1>InitializeBuildStatus:
         Обращение к "x64\Debug\Server.tlog\unsuccessfulbuild".
       ClCompile:
         C:\Program Files\Microsoft Visual Studio\2022\Community\VC\Tools\MSVC\14.30.30705\bin\HostX64\x64\CL.exe /c /ZI /JMC /nologo /W3 /WX- /diagnostics:column /sdl /Od /D _DEBUG /D _CONSOLE /D _UNICODE /D UNICODE /Gm- /EHsc /RTC1 /MDd /GS /fp:precise /Zc:wchar_t /Zc:forScope /Zc:inline /permissive- /Fo"x64\Debug\\" /Fd"x64\Debug\vc143.pdb" /external:W3 /Gd /TP /wd4996 /FC /errorReport:prompt Server.cpp
         Server.cpp
     1>C:\Users\User\Desktop\lab2\Lab_2MS\Server\Server\Server.cpp(88,8): warning C4267: аргумент: преобразование из "size_t" в "int"; возможна потеря данных
       Link:
         C:\Program Files\Microsoft Visual Studio\2022\Community\VC\Tools\MSVC\14.30.30705\bin\HostX64\x64\link.exe /ERRORREPORT:PROMPT /OUT:"C:\Users\User\Desktop\lab2\Lab_2MS\Server\x64\Debug\Server.exe" /INCREMENTAL /ILK:"x64\Debug\Server.ilk" /NOLOGO kernel32.lib user32.lib gdi32.lib winspool.lib comdlg32.lib advapi32.lib shell32.lib ole32.lib oleaut32.lib uuid.lib odbc32.lib odbccp32.lib /MANIFEST /MANIFESTUAC:"level='asInvoker' uiAccess='false'" /manifest:embed /DEBUG /PDB:"C:\Users\User\Desktop\lab2\Lab_2MS\Server\x64\Debug\Server.pdb" /SUBSYSTEM:CONSOLE /TLBID:1 /DYNAMICBASE /NXCOMPAT /IMPLIB:"C:\Users\User\Desktop\lab2\Lab_2MS\Server\x64\Debug\Server.lib" /MACHINE:X64 x64\Debug\Server.obj
         Server.vcxproj -> C:\Users\User\Desktop\lab2\Lab_2MS\Server\x64\Debug\Server.exe
       FinalizeBuildStatus:
         Файл "x64\Debug\Server.tlog\unsuccessfulbuild" удаляется.
         Обращение к "x64\Debug\Server.tlog\Server.lastbuildstate".
     1>Сборка проекта "C:\Users\User\Desktop\lab2\Lab_2MS\Server\Server\Server.vcxproj" завершена (целевые объекты Build).

Сборка успешно завершена.

       "C:\Users\User\Desktop\lab2\Lab_2MS\Server\Server\Server.vcxproj" (целевой объект Build ) (1) ->
       (Целевой объект ClCompile) -> 
         C:\Users\User\Desktop\lab2\Lab_2MS\Server\Server\Server.cpp(88,8): warning C4267: аргумент: преобразование из "size_t" в "int"; возможна потеря данных

    Предупреждений: 1
    Ошибок: 0

Прошло времени 00:00:01.68
