Сборка начата 10.03.2023 17:25:36.
Уровень детализации журнала: Normal.     1>Проект "C:\Users\User\Desktop\ПСП\lab4\Lab_4MS\ServerB\ServerB\ServerB.vcxproj" в узле 2 (целевые объекты Build).
     1>InitializeBuildStatus:
         Создание "Debug\ServerB.tlog\unsuccessfulbuild", так как было задано "AlwaysCreate".
       ClCompile:
         C:\Program Files\Microsoft Visual Studio\2022\Community\VC\Tools\MSVC\14.30.30705\bin\HostX86\x86\CL.exe /c /ZI /JMC /nologo /W3 /WX- /diagnostics:column /sdl /Od /Oy- /D WIN32 /D _DEBUG /D _CONSOLE /D _UNICODE /D UNICODE /Gm- /EHsc /RTC1 /MDd /GS /fp:precise /Zc:wchar_t /Zc:forScope /Zc:inline /permissive- /Fo"Debug\\" /Fd"Debug\vc143.pdb" /external:W3 /Gd /TP /analyze- /FC /errorReport:prompt ServerB.cpp
         ServerB.cpp
     1>C:\Users\User\Desktop\ПСП\lab4\Lab_4MS\ServerB\ServerB\ServerB.cpp(5,32): warning C4081: требуется "newline"; обнаружен ";"
       Link:
         C:\Program Files\Microsoft Visual Studio\2022\Community\VC\Tools\MSVC\14.30.30705\bin\HostX86\x86\link.exe /ERRORREPORT:PROMPT /OUT:"C:\Users\User\Desktop\ПСП\lab4\Lab_4MS\ServerB\Debug\ServerB.exe" /INCREMENTAL /ILK:"Debug\ServerB.ilk" /NOLOGO kernel32.lib user32.lib gdi32.lib winspool.lib comdlg32.lib advapi32.lib shell32.lib ole32.lib oleaut32.lib uuid.lib odbc32.lib odbccp32.lib /MANIFEST /MANIFESTUAC:"level='asInvoker' uiAccess='false'" /manifest:embed /DEBUG /PDB:"C:\Users\User\Desktop\ПСП\lab4\Lab_4MS\ServerB\Debug\ServerB.pdb" /SUBSYSTEM:CONSOLE /TLBID:1 /DYNAMICBASE /NXCOMPAT /IMPLIB:"C:\Users\User\Desktop\ПСП\lab4\Lab_4MS\ServerB\Debug\ServerB.lib" /MACHINE:X86 Debug\ServerB.obj
         ServerB.vcxproj -> C:\Users\User\Desktop\ПСП\lab4\Lab_4MS\ServerB\Debug\ServerB.exe
       FinalizeBuildStatus:
         Файл "Debug\ServerB.tlog\unsuccessfulbuild" удаляется.
         Обращение к "Debug\ServerB.tlog\ServerB.lastbuildstate".
     1>Сборка проекта "C:\Users\User\Desktop\ПСП\lab4\Lab_4MS\ServerB\ServerB\ServerB.vcxproj" завершена (целевые объекты Build).

Сборка успешно завершена.

       "C:\Users\User\Desktop\ПСП\lab4\Lab_4MS\ServerB\ServerB\ServerB.vcxproj" (целевой объект Build ) (1) ->
       (Целевой объект ClCompile) -> 
         C:\Users\User\Desktop\ПСП\lab4\Lab_4MS\ServerB\ServerB\ServerB.cpp(5,32): warning C4081: требуется "newline"; обнаружен ";"

    Предупреждений: 1
    Ошибок: 0

Прошло времени 00:00:02.69
