Сборка начата 19.05.2023 15:35:30.
Уровень детализации журнала: Normal.     1>Проект "C:\Users\User\Desktop\ПСП\Lab_6MS\ClientNP\ClientNP\ClientNP.vcxproj" в узле 2 (целевые объекты Build).
     1>InitializeBuildStatus:
         Создание "x64\Debug\ClientNP.tlog\unsuccessfulbuild", так как было задано "AlwaysCreate".
       ClCompile:
         C:\Program Files\Microsoft Visual Studio\2022\Community\VC\Tools\MSVC\14.30.30705\bin\HostX64\x64\CL.exe /c /ZI /JMC /nologo /W3 /WX- /diagnostics:column /sdl /Od /D _DEBUG /D _CONSOLE /D _UNICODE /D UNICODE /Gm- /EHsc /RTC1 /MDd /GS /fp:precise /Zc:wchar_t /Zc:forScope /Zc:inline /permissive- /Fo"x64\Debug\\" /Fd"x64\Debug\vc143.pdb" /external:W3 /Gd /TP /FC /errorReport:prompt ClientNP.cpp
         ClientNP.cpp
     1>C:\Users\User\Desktop\ПСП\Lab_6MS\ClientNP\ClientNP\ClientNP.cpp(38,7): warning C4267: аргумент: преобразование из "size_t" в "DWORD"; возможна потеря данных
       Link:
         C:\Program Files\Microsoft Visual Studio\2022\Community\VC\Tools\MSVC\14.30.30705\bin\HostX64\x64\link.exe /ERRORREPORT:PROMPT /OUT:"C:\Users\User\Desktop\ПСП\Lab_6MS\ClientNP\x64\Debug\ClientNP.exe" /INCREMENTAL /ILK:"x64\Debug\ClientNP.ilk" /NOLOGO kernel32.lib user32.lib gdi32.lib winspool.lib comdlg32.lib advapi32.lib shell32.lib ole32.lib oleaut32.lib uuid.lib odbc32.lib odbccp32.lib /MANIFEST /MANIFESTUAC:"level='asInvoker' uiAccess='false'" /manifest:embed /DEBUG /PDB:"C:\Users\User\Desktop\ПСП\Lab_6MS\ClientNP\x64\Debug\ClientNP.pdb" /SUBSYSTEM:CONSOLE /TLBID:1 /DYNAMICBASE /NXCOMPAT /IMPLIB:"C:\Users\User\Desktop\ПСП\Lab_6MS\ClientNP\x64\Debug\ClientNP.lib" /MACHINE:X64 x64\Debug\ClientNP.obj
         ClientNP.vcxproj -> C:\Users\User\Desktop\ПСП\Lab_6MS\ClientNP\x64\Debug\ClientNP.exe
       FinalizeBuildStatus:
         Файл "x64\Debug\ClientNP.tlog\unsuccessfulbuild" удаляется.
         Обращение к "x64\Debug\ClientNP.tlog\ClientNP.lastbuildstate".
     1>Сборка проекта "C:\Users\User\Desktop\ПСП\Lab_6MS\ClientNP\ClientNP\ClientNP.vcxproj" завершена (целевые объекты Build).

Сборка успешно завершена.

       "C:\Users\User\Desktop\ПСП\Lab_6MS\ClientNP\ClientNP\ClientNP.vcxproj" (целевой объект Build ) (1) ->
       (Целевой объект ClCompile) -> 
         C:\Users\User\Desktop\ПСП\Lab_6MS\ClientNP\ClientNP\ClientNP.cpp(38,7): warning C4267: аргумент: преобразование из "size_t" в "DWORD"; возможна потеря данных

    Предупреждений: 1
    Ошибок: 0

Прошло времени 00:00:01.13
