Сборка начата 31.03.2023 16:17:48.
Уровень детализации журнала: Normal.     1>Проект "C:\Users\User\Desktop\ПСП\Lab_6MS\ClientNP_CNP\ClientNP_CNP\ClientNP_CNP.vcxproj" в узле 2 (целевые объекты Build).
     1>InitializeBuildStatus:
         Создание "x64\Debug\ClientNP_CNP.tlog\unsuccessfulbuild", так как было задано "AlwaysCreate".
       ClCompile:
         C:\Program Files\Microsoft Visual Studio\2022\Community\VC\Tools\MSVC\14.30.30705\bin\HostX64\x64\CL.exe /c /ZI /JMC /nologo /W3 /WX- /diagnostics:column /sdl /Od /D _DEBUG /D _CONSOLE /D _UNICODE /D UNICODE /Gm- /EHsc /RTC1 /MDd /GS /fp:precise /Zc:wchar_t /Zc:forScope /Zc:inline /permissive- /Fo"x64\Debug\\" /Fd"x64\Debug\vc143.pdb" /external:W3 /Gd /TP /FC /errorReport:prompt ClientNP_CNP.cpp
         ClientNP_CNP.cpp
     1>C:\Users\User\Desktop\ПСП\Lab_6MS\ClientNP_CNP\ClientNP_CNP\ClientNP_CNP.cpp(17,9): warning C4101: dwWrite: неиспользованная локальная переменная
       Link:
         C:\Program Files\Microsoft Visual Studio\2022\Community\VC\Tools\MSVC\14.30.30705\bin\HostX64\x64\link.exe /ERRORREPORT:PROMPT /OUT:"C:\Users\User\Desktop\ПСП\Lab_6MS\ClientNP_CNP\x64\Debug\ClientNP_CNP.exe" /INCREMENTAL /ILK:"x64\Debug\ClientNP_CNP.ilk" /NOLOGO kernel32.lib user32.lib gdi32.lib winspool.lib comdlg32.lib advapi32.lib shell32.lib ole32.lib oleaut32.lib uuid.lib odbc32.lib odbccp32.lib /MANIFEST /MANIFESTUAC:"level='asInvoker' uiAccess='false'" /manifest:embed /DEBUG /PDB:"C:\Users\User\Desktop\ПСП\Lab_6MS\ClientNP_CNP\x64\Debug\ClientNP_CNP.pdb" /SUBSYSTEM:CONSOLE /TLBID:1 /DYNAMICBASE /NXCOMPAT /IMPLIB:"C:\Users\User\Desktop\ПСП\Lab_6MS\ClientNP_CNP\x64\Debug\ClientNP_CNP.lib" /MACHINE:X64 x64\Debug\ClientNP_CNP.obj
         ClientNP_CNP.vcxproj -> C:\Users\User\Desktop\ПСП\Lab_6MS\ClientNP_CNP\x64\Debug\ClientNP_CNP.exe
       FinalizeBuildStatus:
         Файл "x64\Debug\ClientNP_CNP.tlog\unsuccessfulbuild" удаляется.
         Обращение к "x64\Debug\ClientNP_CNP.tlog\ClientNP_CNP.lastbuildstate".
     1>Сборка проекта "C:\Users\User\Desktop\ПСП\Lab_6MS\ClientNP_CNP\ClientNP_CNP\ClientNP_CNP.vcxproj" завершена (целевые объекты Build).

Сборка успешно завершена.

       "C:\Users\User\Desktop\ПСП\Lab_6MS\ClientNP_CNP\ClientNP_CNP\ClientNP_CNP.vcxproj" (целевой объект Build ) (1) ->
       (Целевой объект ClCompile) -> 
         C:\Users\User\Desktop\ПСП\Lab_6MS\ClientNP_CNP\ClientNP_CNP\ClientNP_CNP.cpp(17,9): warning C4101: dwWrite: неиспользованная локальная переменная

    Предупреждений: 1
    Ошибок: 0

Прошло времени 00:00:01.61
