Сборка начата 30.03.2023 18:34:46.
Уровень детализации журнала: Normal.     1>Проект "C:\Users\User\Desktop\ПСП\lab2\Lab_2MS\Client\Client\Client.vcxproj" в узле 2 (целевые объекты Build).
     1>InitializeBuildStatus:
         Создание "x64\Debug\Client.tlog\unsuccessfulbuild", так как было задано "AlwaysCreate".
       ClCompile:
         C:\Program Files\Microsoft Visual Studio\2022\Community\VC\Tools\MSVC\14.30.30705\bin\HostX64\x64\CL.exe /c /ZI /JMC /nologo /W3 /WX- /diagnostics:column /sdl /Od /D _DEBUG /D _CONSOLE /D _UNICODE /D UNICODE /Gm- /EHsc /RTC1 /MDd /GS /fp:precise /Zc:wchar_t /Zc:forScope /Zc:inline /permissive- /Fo"x64\Debug\\" /Fd"x64\Debug\vc143.pdb" /external:W3 /Gd /TP /wd4789 /FC /errorReport:prompt Client.cpp
         Client.cpp
     1>C:\Users\User\Desktop\ПСП\lab2\Lab_2MS\Client\Client\Client.cpp(51,7): warning C4267: аргумент: преобразование из "size_t" в "int"; возможна потеря данных
     1>C:\Users\User\Desktop\ПСП\lab2\Lab_2MS\Client\Client\Client.cpp(26,10): warning C4101: serverSocket: неиспользованная локальная переменная
       Link:
         C:\Program Files\Microsoft Visual Studio\2022\Community\VC\Tools\MSVC\14.30.30705\bin\HostX64\x64\link.exe /ERRORREPORT:PROMPT /OUT:"C:\Users\User\Desktop\ПСП\lab2\Lab_2MS\Client\x64\Debug\Client.exe" /INCREMENTAL /ILK:"x64\Debug\Client.ilk" /NOLOGO kernel32.lib user32.lib gdi32.lib winspool.lib comdlg32.lib advapi32.lib shell32.lib ole32.lib oleaut32.lib uuid.lib odbc32.lib odbccp32.lib /MANIFEST /MANIFESTUAC:"level='asInvoker' uiAccess='false'" /manifest:embed /DEBUG /PDB:"C:\Users\User\Desktop\ПСП\lab2\Lab_2MS\Client\x64\Debug\Client.pdb" /SUBSYSTEM:CONSOLE /TLBID:1 /DYNAMICBASE /NXCOMPAT /IMPLIB:"C:\Users\User\Desktop\ПСП\lab2\Lab_2MS\Client\x64\Debug\Client.lib" /MACHINE:X64 x64\Debug\Client.obj
         Client.vcxproj -> C:\Users\User\Desktop\ПСП\lab2\Lab_2MS\Client\x64\Debug\Client.exe
       FinalizeBuildStatus:
         Файл "x64\Debug\Client.tlog\unsuccessfulbuild" удаляется.
         Обращение к "x64\Debug\Client.tlog\Client.lastbuildstate".
     1>Сборка проекта "C:\Users\User\Desktop\ПСП\lab2\Lab_2MS\Client\Client\Client.vcxproj" завершена (целевые объекты Build).

Сборка успешно завершена.

       "C:\Users\User\Desktop\ПСП\lab2\Lab_2MS\Client\Client\Client.vcxproj" (целевой объект Build ) (1) ->
       (Целевой объект ClCompile) -> 
         C:\Users\User\Desktop\ПСП\lab2\Lab_2MS\Client\Client\Client.cpp(51,7): warning C4267: аргумент: преобразование из "size_t" в "int"; возможна потеря данных
         C:\Users\User\Desktop\ПСП\lab2\Lab_2MS\Client\Client\Client.cpp(26,10): warning C4101: serverSocket: неиспользованная локальная переменная

    Предупреждений: 2
    Ошибок: 0

Прошло времени 00:00:00.91
